02-20 13:54:16 com_github_MitjaNemec_ReplicateLayout.action_replicate_layout 409:Plugin executed on: 'win32'
02-20 13:54:16 com_github_MitjaNemec_ReplicateLayout.action_replicate_layout 410:Plugin executed with python version: '3.11.5 (main, Sep 17 2025, 01:04:48) [MSC v.1944 64 bit (AMD64)]'
02-20 13:54:16 com_github_MitjaNemec_ReplicateLayout.action_replicate_layout 411:KiCad build version: 9.0.6
02-20 13:54:16 com_github_MitjaNemec_ReplicateLayout.action_replicate_layout 412:Plugin version: 4.0.3
02-20 13:54:16 com_github_MitjaNemec_ReplicateLayout.action_replicate_layout 413:Frame repr: <wx._core.Frame object at 0x000001D3DFB6C430>
02-20 13:54:16 com_github_MitjaNemec_ReplicateLayout.action_replicate_layout 437:Preparing replicator with N902 as a reference
02-20 13:54:16 com_github_MitjaNemec_ReplicateLayout.replicate_layout 117:getting a list of all footprints on board
02-20 13:54:16 com_github_MitjaNemec_ReplicateLayout.action_replicate_layout 485:source anchor footprint is 'N902'
Located on: ['/Lamps/', '/Lamps/Dots/', '/Lamps/Dots/Dot2/']
With filenames: ['Lamps.kicad_sch', 'Dots.kicad_sch', 'Dot.kicad_sch']
With sheet_id:['/Lamps/', '/Lamps/Dots/', '/Lamps/Dots/Dot2/']
02-20 13:54:16 com_github_MitjaNemec_ReplicateLayout.action_replicate_layout 492:Corresponding footprints are 
[('N901', ['/Lamps/', '/Lamps/Dots/', '/Lamps/Dots/Dot1/']), ('N902', ['/Lamps/', '/Lamps/Dots/', '/Lamps/Dots/Dot2/']), ('N904', ['/Lamps/', '/Lamps/Dots/', '/Lamps/Dots/Dot4/']), ('N903', ['/Lamps/', '/Lamps/Dots/', '/Lamps/Dots/Dot3/'])]
02-20 13:54:16 com_github_MitjaNemec_ReplicateLayout.action_replicate_layout 504:Showing dialog
02-20 13:54:16 com_github_MitjaNemec_ReplicateLayout.replicate_layout 472:constructing a list of sheets suitable for replication on level:'/Lamps/Dots/Dot2/', file:'Dot.kicad_sch'
02-20 13:54:16 com_github_MitjaNemec_ReplicateLayout.replicate_layout 509:suitable sheets are:[['/Lamps/', '/Lamps/Dots/', '/Lamps/Dots/Dot1/'], ['/Lamps/', '/Lamps/Dots/', '/Lamps/Dots/Dot3/'], ['/Lamps/', '/Lamps/Dots/', '/Lamps/Dots/Dot4/']]
02-20 13:54:16 com_github_MitjaNemec_ReplicateLayout.replicate_layout 1512:Level selected: ['/Lamps/', '/Lamps/Dots/', '/Lamps/Dots/Dot2/']
02-20 13:54:16 com_github_MitjaNemec_ReplicateLayout.replicate_layout 1336:Filtering list of tracks
02-20 13:54:16 com_github_MitjaNemec_ReplicateLayout.action_replicate_layout 510:Toolbar position: wx.Point(3966, -968)
02-20 13:54:16 com_github_MitjaNemec_ReplicateLayout.action_replicate_layout 515:Dialog position: wx.Point(3527, -968)
02-20 13:54:21 com_github_MitjaNemec_ReplicateLayout.replicate_layout 472:constructing a list of sheets suitable for replication on level:'/Lamps/Dots/Dot2/', file:'Dot.kicad_sch'
02-20 13:54:21 com_github_MitjaNemec_ReplicateLayout.replicate_layout 509:suitable sheets are:[['/Lamps/', '/Lamps/Dots/', '/Lamps/Dots/Dot1/'], ['/Lamps/', '/Lamps/Dots/', '/Lamps/Dots/Dot3/'], ['/Lamps/', '/Lamps/Dots/', '/Lamps/Dots/Dot4/']]
02-20 13:54:21 com_github_MitjaNemec_ReplicateLayout.action_replicate_layout 248:Replicating layout
02-20 13:54:21 com_github_MitjaNemec_ReplicateLayout.replicate_layout 288:Starting replication of sheets: [['/Lamps/', '/Lamps/Dots/', '/Lamps/Dots/Dot4/']]
on level: ['/Lamps/', '/Lamps/Dots/', '/Lamps/Dots/Dot2/']
with tracks=True, zone=True, text=True, text=True, intersecting=False, remove=False, locked footprints=False, group_only=False
02-20 13:54:21 root 340:updating GUI message: 'Preparing for replication'
02-20 13:54:21 root 345:updating GUI with: 0
02-20 13:54:21 com_github_MitjaNemec_ReplicateLayout.replicate_layout 358:Getting the list of source footprints
02-20 13:54:21 com_github_MitjaNemec_ReplicateLayout.replicate_layout 368:Getting the list of all the remaining footprints
02-20 13:54:21 com_github_MitjaNemec_ReplicateLayout.replicate_layout 375:Getting source tracks
02-20 13:54:21 com_github_MitjaNemec_ReplicateLayout.replicate_layout 1336:Filtering list of tracks
02-20 13:54:21 com_github_MitjaNemec_ReplicateLayout.replicate_layout 379:Getting source zones
02-20 13:54:21 com_github_MitjaNemec_ReplicateLayout.replicate_layout 383:Getting source text items
02-20 13:54:21 root 345:updating GUI with: 66
02-20 13:54:21 com_github_MitjaNemec_ReplicateLayout.replicate_layout 387:Getting source drawing items
02-20 13:54:21 root 340:updating GUI message: 'Replicating footprints'
02-20 13:54:21 com_github_MitjaNemec_ReplicateLayout.replicate_layout 863:Replicating footprints
02-20 13:54:21 com_github_MitjaNemec_ReplicateLayout.replicate_layout 870:Replicating footprints on sheet ['/Lamps/', '/Lamps/Dots/', '/Lamps/Dots/Dot4/']
02-20 13:54:21 com_github_MitjaNemec_ReplicateLayout.replicate_layout 835:Src fp.id: '84047332-242E-4367-A674-80C434BCE2E6'
02-20 13:54:21 com_github_MitjaNemec_ReplicateLayout.replicate_layout 839:Dst fp.id: '84047332-242E-4367-A674-80C434BCE2E6'
02-20 13:54:21 com_github_MitjaNemec_ReplicateLayout.replicate_layout 888:Replicating footprint: 'N902'
02-20 13:54:21 com_github_MitjaNemec_ReplicateLayout.replicate_layout 835:Src fp.id: '84047332-242E-4367-A674-80C434BCE2E6'
02-20 13:54:21 com_github_MitjaNemec_ReplicateLayout.replicate_layout 839:Dst fp.id: '84047332-242E-4367-A674-80C434BCE2E6'
02-20 13:54:21 com_github_MitjaNemec_ReplicateLayout.replicate_layout 895:found match in dst footprint: 'N904'
02-20 13:54:21 com_github_MitjaNemec_ReplicateLayout.replicate_layout 990:Src text UUid:07503d07-0e56-45ad-9fd4-646e086ccc53
02-20 13:54:21 com_github_MitjaNemec_ReplicateLayout.replicate_layout 991:Dst text UUid:626dfe3f-1e28-40cb-a1e8-e7c56cee9806
02-20 13:54:21 com_github_MitjaNemec_ReplicateLayout.replicate_layout 990:Src text UUid:e4933b7c-49ed-4b75-b2f0-dc1101606a7f
02-20 13:54:21 com_github_MitjaNemec_ReplicateLayout.replicate_layout 991:Dst text UUid:5cc44c9d-bbb0-4a79-af9c-ebcd2c0d3b66
02-20 13:54:21 com_github_MitjaNemec_ReplicateLayout.replicate_layout 888:Replicating footprint: 'Q904'
02-20 13:54:21 com_github_MitjaNemec_ReplicateLayout.replicate_layout 835:Src fp.id: '39698C59-999F-4376-9EE7-4C7F9F482FA1'
02-20 13:54:21 com_github_MitjaNemec_ReplicateLayout.replicate_layout 839:Dst fp.id: '39698C59-999F-4376-9EE7-4C7F9F482FA1'
02-20 13:54:21 com_github_MitjaNemec_ReplicateLayout.replicate_layout 895:found match in dst footprint: 'Q903'
02-20 13:54:21 com_github_MitjaNemec_ReplicateLayout.replicate_layout 990:Src text UUid:d378f735-0373-4667-80fc-31330a70b624
02-20 13:54:21 com_github_MitjaNemec_ReplicateLayout.replicate_layout 991:Dst text UUid:72d771f5-da62-4233-b57c-800627654200
02-20 13:54:21 com_github_MitjaNemec_ReplicateLayout.replicate_layout 990:Src text UUid:b20cc44d-8c8b-4071-ba03-73bfd4c683b7
02-20 13:54:21 com_github_MitjaNemec_ReplicateLayout.replicate_layout 991:Dst text UUid:44836110-9610-419d-b102-6e9df05040ca
02-20 13:54:21 com_github_MitjaNemec_ReplicateLayout.replicate_layout 990:Src text UUid:8978b146-d613-4ae9-80ee-f1d56e881ebf
02-20 13:54:21 com_github_MitjaNemec_ReplicateLayout.replicate_layout 991:Dst text UUid:502afa96-9c37-49c5-8967-4f89f8c9eb8c
02-20 13:54:21 com_github_MitjaNemec_ReplicateLayout.replicate_layout 888:Replicating footprint: 'R904'
02-20 13:54:21 com_github_MitjaNemec_ReplicateLayout.replicate_layout 835:Src fp.id: '71BC9736-5C2D-443D-8B86-670DD10D9C19'
02-20 13:54:21 com_github_MitjaNemec_ReplicateLayout.replicate_layout 839:Dst fp.id: '71BC9736-5C2D-443D-8B86-670DD10D9C19'
02-20 13:54:21 com_github_MitjaNemec_ReplicateLayout.replicate_layout 895:found match in dst footprint: 'R905'
02-20 13:54:21 com_github_MitjaNemec_ReplicateLayout.replicate_layout 990:Src text UUid:ac400718-03f9-467a-8246-dbc7e97f0df1
02-20 13:54:21 com_github_MitjaNemec_ReplicateLayout.replicate_layout 991:Dst text UUid:a87f6c30-a8d3-4758-b0cc-b460e54614d9
02-20 13:54:21 com_github_MitjaNemec_ReplicateLayout.replicate_layout 990:Src text UUid:5c7d4043-110a-4c34-86bc-9557b50e1fbf
02-20 13:54:21 com_github_MitjaNemec_ReplicateLayout.replicate_layout 991:Dst text UUid:57b63119-fbec-4d6d-9f41-727e17ebbac0
02-20 13:54:21 com_github_MitjaNemec_ReplicateLayout.replicate_layout 990:Src text UUid:8298864f-641d-466f-8ab2-ae20a6b847a3
02-20 13:54:21 com_github_MitjaNemec_ReplicateLayout.replicate_layout 991:Dst text UUid:33a8557d-73f3-4157-9e8e-9f26835a516c
02-20 13:54:21 com_github_MitjaNemec_ReplicateLayout.replicate_layout 888:Replicating footprint: 'R907'
02-20 13:54:21 com_github_MitjaNemec_ReplicateLayout.replicate_layout 835:Src fp.id: '29E8F130-500D-43F2-ACCF-2D3676B72764'
02-20 13:54:21 com_github_MitjaNemec_ReplicateLayout.replicate_layout 839:Dst fp.id: '29E8F130-500D-43F2-ACCF-2D3676B72764'
02-20 13:54:21 com_github_MitjaNemec_ReplicateLayout.replicate_layout 895:found match in dst footprint: 'R909'
02-20 13:54:21 com_github_MitjaNemec_ReplicateLayout.replicate_layout 990:Src text UUid:cfb4e0a7-440b-4bbe-9268-371bed85252b
02-20 13:54:21 com_github_MitjaNemec_ReplicateLayout.replicate_layout 991:Dst text UUid:3d46d006-429e-4d77-a4db-91481a1ba0b8
02-20 13:54:21 com_github_MitjaNemec_ReplicateLayout.replicate_layout 990:Src text UUid:06e87853-e6c0-4711-aebb-914c9471bb0f
02-20 13:54:21 com_github_MitjaNemec_ReplicateLayout.replicate_layout 991:Dst text UUid:8769a53c-afc7-4dfa-8161-27adff24aa3e
02-20 13:54:21 com_github_MitjaNemec_ReplicateLayout.replicate_layout 990:Src text UUid:d94a9af9-652d-4440-ba02-98dca65676d5
02-20 13:54:21 com_github_MitjaNemec_ReplicateLayout.replicate_layout 991:Dst text UUid:77c5582f-7262-47da-8ba2-33c31cf48e85
02-20 13:54:21 com_github_MitjaNemec_ReplicateLayout.replicate_layout 888:Replicating footprint: 'R910'
02-20 13:54:21 com_github_MitjaNemec_ReplicateLayout.replicate_layout 835:Src fp.id: '12EF011F-19DD-4327-B834-616C36CE2646'
02-20 13:54:21 com_github_MitjaNemec_ReplicateLayout.replicate_layout 839:Dst fp.id: '12EF011F-19DD-4327-B834-616C36CE2646'
02-20 13:54:21 com_github_MitjaNemec_ReplicateLayout.replicate_layout 895:found match in dst footprint: 'R913'
02-20 13:54:21 com_github_MitjaNemec_ReplicateLayout.replicate_layout 990:Src text UUid:ea8eb2c2-312e-4e67-82b4-b065c52316de
02-20 13:54:21 com_github_MitjaNemec_ReplicateLayout.replicate_layout 991:Dst text UUid:f7d285a3-776f-41cb-8066-d12b0544ea2f
02-20 13:54:21 com_github_MitjaNemec_ReplicateLayout.replicate_layout 990:Src text UUid:6b640cc3-a882-4dc1-b313-7d21e3f728b3
02-20 13:54:21 com_github_MitjaNemec_ReplicateLayout.replicate_layout 991:Dst text UUid:1027f7d2-2b39-46e8-93ad-a3d88006954e
02-20 13:54:21 com_github_MitjaNemec_ReplicateLayout.replicate_layout 990:Src text UUid:bca1600a-396a-46c3-b411-492404230419
02-20 13:54:21 com_github_MitjaNemec_ReplicateLayout.replicate_layout 991:Dst text UUid:3cf02cad-b2e6-49f1-a675-699afd239fcf
02-20 13:54:21 root 340:updating GUI message: 'Replicating tracks'
02-20 13:54:21 com_github_MitjaNemec_ReplicateLayout.replicate_layout 1014:Replicating tracks
02-20 13:54:21 com_github_MitjaNemec_ReplicateLayout.replicate_layout 1020:Replicating tracks on sheet ['/Lamps/', '/Lamps/Dots/', '/Lamps/Dots/Dot4/']
02-20 13:54:21 com_github_MitjaNemec_ReplicateLayout.replicate_layout 835:Src fp.id: '84047332-242E-4367-A674-80C434BCE2E6'
02-20 13:54:21 com_github_MitjaNemec_ReplicateLayout.replicate_layout 839:Dst fp.id: '84047332-242E-4367-A674-80C434BCE2E6'
02-20 13:54:21 com_github_MitjaNemec_ReplicateLayout.replicate_layout 792:Net pairs for sheet ['/Lamps/', '/Lamps/Dots/', '/Lamps/Dots/Dot4/'] :[('Net-(Q904-C)', 'Net-(Q903-C)'), ('', ''), ('Net-(N902-C)', 'Net-(N904-C)'), ('Net-(Q904-B)', 'Net-(Q903-B)'), ('/Lamps/Dots/Dot2/EN', '/Lamps/Dots/Dot4/EN'), ('+170V', '+170V'), ('GND', 'GND')]
02-20 13:54:21 root 340:updating GUI message: 'Replicating zones'
02-20 13:54:21 com_github_MitjaNemec_ReplicateLayout.replicate_layout 1084:Replicating zones
02-20 13:54:21 com_github_MitjaNemec_ReplicateLayout.replicate_layout 1091:Replicating zones on sheet ['/Lamps/', '/Lamps/Dots/', '/Lamps/Dots/Dot4/']
02-20 13:54:21 com_github_MitjaNemec_ReplicateLayout.replicate_layout 835:Src fp.id: '84047332-242E-4367-A674-80C434BCE2E6'
02-20 13:54:21 com_github_MitjaNemec_ReplicateLayout.replicate_layout 839:Dst fp.id: '84047332-242E-4367-A674-80C434BCE2E6'
02-20 13:54:21 com_github_MitjaNemec_ReplicateLayout.replicate_layout 792:Net pairs for sheet ['/Lamps/', '/Lamps/Dots/', '/Lamps/Dots/Dot4/'] :[('Net-(Q904-C)', 'Net-(Q903-C)'), ('', ''), ('Net-(N902-C)', 'Net-(N904-C)'), ('Net-(Q904-B)', 'Net-(Q903-B)'), ('/Lamps/Dots/Dot2/EN', '/Lamps/Dots/Dot4/EN'), ('+170V', '+170V'), ('GND', 'GND')]
02-20 13:54:21 root 340:updating GUI message: 'Replicating text'
02-20 13:54:21 com_github_MitjaNemec_ReplicateLayout.replicate_layout 1173:Replicating text
02-20 13:54:21 com_github_MitjaNemec_ReplicateLayout.replicate_layout 1180:Replicating text on sheet ['/Lamps/', '/Lamps/Dots/', '/Lamps/Dots/Dot4/']
02-20 13:54:21 com_github_MitjaNemec_ReplicateLayout.replicate_layout 835:Src fp.id: '84047332-242E-4367-A674-80C434BCE2E6'
02-20 13:54:21 com_github_MitjaNemec_ReplicateLayout.replicate_layout 839:Dst fp.id: '84047332-242E-4367-A674-80C434BCE2E6'
02-20 13:54:21 root 340:updating GUI message: 'Replicating drawings'
02-20 13:54:21 com_github_MitjaNemec_ReplicateLayout.replicate_layout 1224:Replicating drawings
02-20 13:54:21 com_github_MitjaNemec_ReplicateLayout.replicate_layout 1230:Replicating drawings on sheet ['/Lamps/', '/Lamps/Dots/', '/Lamps/Dots/Dot4/']
02-20 13:54:21 com_github_MitjaNemec_ReplicateLayout.replicate_layout 835:Src fp.id: '84047332-242E-4367-A674-80C434BCE2E6'
02-20 13:54:21 com_github_MitjaNemec_ReplicateLayout.replicate_layout 839:Dst fp.id: '84047332-242E-4367-A674-80C434BCE2E6'
02-20 13:54:21 com_github_MitjaNemec_ReplicateLayout.action_replicate_layout 264:Replication complete
